  HardwareControl.cpp
d:\onedrive - fhict\school shit\esp\software simulator\sharednamespace.h(7): fatal error C1083: Cannot open include file: 'Centipede.h': No such file or directory
  MyForm.cpp
d:\esp\esp_prc2_laundrymachine\esp_softwaresimulator\to work on\test\test\myform.h(224): error C2039: 'btnCoin10_Click': is not a member of 'test::MyForm'
  d:\esp\esp_prc2_laundrymachine\esp_softwaresimulator\to work on\test\test\myform.h(15): note: see declaration of 'test::MyForm'
d:\esp\esp_prc2_laundrymachine\esp_softwaresimulator\to work on\test\test\myform.h(224): error C2065: 'btnCoin10_Click': undeclared identifier
d:\esp\esp_prc2_laundrymachine\esp_softwaresimulator\to work on\test\test\myform.h(224): error C3924: error in argument #2 of delegate constructor call 'System::EventHandler':
  d:\esp\esp_prc2_laundrymachine\esp_softwaresimulator\to work on\test\test\myform.h(224): note: pointer to member function expected
d:\esp\esp_prc2_laundrymachine\esp_softwaresimulator\to work on\test\test\myform.h(453): error C2039: 'button3_Click': is not a member of 'test::MyForm'
  d:\esp\esp_prc2_laundrymachine\esp_softwaresimulator\to work on\test\test\myform.h(15): note: see declaration of 'test::MyForm'
d:\esp\esp_prc2_laundrymachine\esp_softwaresimulator\to work on\test\test\myform.h(453): error C2065: 'button3_Click': undeclared identifier
d:\esp\esp_prc2_laundrymachine\esp_softwaresimulator\to work on\test\test\myform.h(453): error C3924: error in argument #2 of delegate constructor call 'System::EventHandler':
  d:\esp\esp_prc2_laundrymachine\esp_softwaresimulator\to work on\test\test\myform.h(453): note: pointer to member function expected
  Generating Code...
